  IResource.cpp
  MusicResource.cpp
  ResourceFile.cpp
  SoundResource.cpp
  TextureResource.cpp
  ISystem.cpp
  WindowsSystem.cpp
  IWindow.cpp
  SFMLWindow.cpp
  SFMLAudioSystem.cpp
  SFMLMusic.cpp
  SFMLSoundEffect.cpp
  ITexture.cpp
  SFMLGraphics.cpp
  SFMLTexture.cpp
  SfmlDebugPhysicsRenderer.cpp
  IKeyboard.cpp
  IKeyboard.gen.cpp
  IMouse.cpp
  IMouse.gen.cpp
  Generating Code...
  Compiling...
  Logger.cpp
  Actor.cpp
  ActorFactory.cpp
  Animation.cpp
  AnimationManager.cpp
  AnimationComponent.cpp
  ColliderComponent.cpp
  IComponent.cpp
  IDrawableComponent.cpp
  RenderBoxComponent.cpp
  RigidBodyComponent.cpp
  RigidBodyComponent.gen.cpp
  SpriteComponent.cpp
  TextComponent.cpp
  TransformComponent.cpp
  TransformComponent.gen.cpp
  CollisionEvent.cpp
  EventDispatcher.cpp
  IEvent.cpp
  GridSystem.cpp
  Generating Code...
  Compiling...
  GridTile.cpp
  IGameLayer.cpp
  IGameLayer.gen.cpp
  AnimationProcess.cpp
  IProcess.cpp
  ProcessManager.cpp
  Layer.cpp
  Map.cpp
  Tileset.cpp
  World.cpp
  BspTree.cpp
  BspTreeNode.cpp
  CellularAutomaton.cpp
  DateTime.cpp
  FileUtil.cpp
  Noise.cpp
  Rng.cpp
  Utilities.cpp
  IView.cpp
  tinyxml2.cpp
  Generating Code...
     Creating library D:\PGC Universe\SlothEngine\SlothEngine\Libs\x64_Debug\SlothEngine.lib and object D:\PGC Universe\SlothEngine\SlothEngine\Libs\x64_Debug\SlothEngine.exp
  SlothEngine.vcxproj -> D:\PGC Universe\SlothEngine\SlothEngine\Libs\x64_Debug\SlothEngine.dll
  D:\PGC Universe\SlothEngine\SlothEngine\Libs\x64_Debug\SlothEngine.dll
  1 File(s) copied
  D:\PGC Universe\SlothEngine\SlothEngine\Libs\x64_Debug\SlothEngine.pdb
  1 File(s) copied
