c:\users\myles\dropbox (self storage 1)\documents\school\archived classes\gap 391 - proc. content gen\mod 15 - final project\gap391\game\x64\debug\vc142.pdb
c:\users\myles\dropbox (self storage 1)\documents\school\archived classes\gap 391 - proc. content gen\mod 15 - final project\gap391\game\x64\debug\vc142.idb
c:\users\myles\dropbox (self storage 1)\documents\school\archived classes\gap 391 - proc. content gen\mod 15 - final project\gap391\game\x64\debug\humanview.obj
c:\users\myles\dropbox (self storage 1)\documents\school\archived classes\gap 391 - proc. content gen\mod 15 - final project\gap391\game\x64\debug\namegenerator.obj
c:\users\myles\dropbox (self storage 1)\documents\school\archived classes\gap 391 - proc. content gen\mod 15 - final project\gap391\game\x64\debug\lsystem.obj
c:\users\myles\dropbox (self storage 1)\documents\school\archived classes\gap 391 - proc. content gen\mod 15 - final project\gap391\game\x64\debug\grammar.obj
c:\users\myles\dropbox (self storage 1)\documents\school\archived classes\gap 391 - proc. content gen\mod 15 - final project\gap391\game\x64\debug\main.obj
c:\users\myles\dropbox (self storage 1)\documents\school\archived classes\gap 391 - proc. content gen\mod 15 - final project\gap391\game\x64\debug\gamelogic.obj
c:\users\myles\dropbox (self storage 1)\documents\school\archived classes\gap 391 - proc. content gen\mod 15 - final project\gap391\game\x64\debug\gameapp.obj
c:\users\myles\dropbox (self storage 1)\documents\school\archived classes\gap 391 - proc. content gen\mod 15 - final project\gap391\game\x64\debug\graphrule.obj
c:\users\myles\dropbox (self storage 1)\documents\school\archived classes\gap 391 - proc. content gen\mod 15 - final project\gap391\game\x64\debug\graphnode.obj
c:\users\myles\dropbox (self storage 1)\documents\school\archived classes\gap 391 - proc. content gen\mod 15 - final project\gap391\game\x64\debug\graph.obj
c:\users\myles\dropbox (self storage 1)\documents\school\archived classes\gap 391 - proc. content gen\mod 15 - final project\gap391\game\x64\debug\star.obj
c:\users\myles\dropbox (self storage 1)\documents\school\archived classes\gap 391 - proc. content gen\mod 15 - final project\gap391\game\x64\debug\planet.obj
c:\users\myles\dropbox (self storage 1)\documents\school\archived classes\gap 391 - proc. content gen\mod 15 - final project\gap391\builds\x64_debug\gap391.lib
c:\users\myles\dropbox (self storage 1)\documents\school\archived classes\gap 391 - proc. content gen\mod 15 - final project\gap391\builds\x64_debug\gap391.exp
c:\users\myles\dropbox (self storage 1)\documents\school\archived classes\gap 391 - proc. content gen\mod 15 - final project\gap391\builds\x64_debug\gap391.exe
c:\users\myles\dropbox (self storage 1)\documents\school\archived classes\gap 391 - proc. content gen\mod 15 - final project\gap391\builds\x64_debug\gap391.ilk
c:\users\myles\dropbox (self storage 1)\documents\school\archived classes\gap 391 - proc. content gen\mod 15 - final project\gap391\builds\x64_debug\gap391.pdb
c:\users\myles\dropbox (self storage 1)\documents\school\archived classes\gap 391 - proc. content gen\mod 15 - final project\gap391\game\x64\debug\gap391.tlog\cl.command.1.tlog
c:\users\myles\dropbox (self storage 1)\documents\school\archived classes\gap 391 - proc. content gen\mod 15 - final project\gap391\game\x64\debug\gap391.tlog\cl.read.1.tlog
c:\users\myles\dropbox (self storage 1)\documents\school\archived classes\gap 391 - proc. content gen\mod 15 - final project\gap391\game\x64\debug\gap391.tlog\cl.write.1.tlog
c:\users\myles\dropbox (self storage 1)\documents\school\archived classes\gap 391 - proc. content gen\mod 15 - final project\gap391\game\x64\debug\gap391.tlog\gap391.write.1u.tlog
c:\users\myles\dropbox (self storage 1)\documents\school\archived classes\gap 391 - proc. content gen\mod 15 - final project\gap391\game\x64\debug\gap391.tlog\link.command.1.tlog
c:\users\myles\dropbox (self storage 1)\documents\school\archived classes\gap 391 - proc. content gen\mod 15 - final project\gap391\game\x64\debug\gap391.tlog\link.read.1.tlog
c:\users\myles\dropbox (self storage 1)\documents\school\archived classes\gap 391 - proc. content gen\mod 15 - final project\gap391\game\x64\debug\gap391.tlog\link.write.1.tlog
