  0 File(s) copied
  0 File(s) copied
  Graph.cpp
  GraphNode.cpp
  GraphRule.cpp
  GameApp.cpp
  GameLogic.cpp
  Main.cpp
  Grammar.cpp
  LSystem.cpp
  NameGenerator.cpp
  Planet.cpp
  Star.cpp
  HumanView.cpp
     Creating library D:\PGC Universe\GAP391\Builds\x64_Release\GAP391.lib and object D:\PGC Universe\GAP391\Builds\x64_Release\GAP391.exp
  Generating code
LINK : fatal error C1001: Internal compiler error.
  (compiler file 'd:\agent\_work\6\s\src\vctools\Compiler\Utc\src\p2\main.c', line 181)
   To work around this problem, try simplifying or changing the program near the locations listed above.
  If possible please provide a repro here: https://developercommunity.visualstudio.com 
  Please choose the Technical Support command on the Visual C++ 
   Help menu, or open the Technical Support help file for more information
    link!InvokeCompilerPass()+0x3f734
    link!InvokeCompilerPass()+0x31081
    link!InvokeCompilerPass()+0x30f86
    link!InvokeCompilerPass()+0x3e625
  
  
LINK : fatal error LNK1000: Internal error during IMAGE::BuildImage
