  Actor.gen.cpp
  ApplicationLayer.cpp
  IResource.cpp
  MusicResource.cpp
  ResourceFile.cpp
  SoundResource.cpp
  TextureResource.cpp
  ISystem.cpp
  WindowsSystem.cpp
  IWindow.cpp
  SFMLWindow.cpp
  SFMLAudioSystem.cpp
  SFMLMusic.cpp
  SFMLSoundEffect.cpp
  ITexture.cpp
  SfmlDebugPhysicsRenderer.cpp
  SFMLGraphics.cpp
  SFMLTexture.cpp
  IKeyboard.cpp
  IKeyboard.gen.cpp
  Compiling...
  IMouse.cpp
  IMouse.gen.cpp
  Logger.cpp
  Actor.cpp
  ActorFactory.cpp
  Animation.cpp
  AnimationManager.cpp
  AnimationComponent.cpp
  ColliderComponent.cpp
  IComponent.cpp
  IDrawableComponent.cpp
  RenderBoxComponent.cpp
  RigidBodyComponent.gen.cpp
  RigidBodyComponent.cpp
  SpriteComponent.cpp
  TextComponent.cpp
  TransformComponent.cpp
  TransformComponent.gen.cpp
  CollisionEvent.cpp
  EventDispatcher.cpp
  Compiling...
  IEvent.cpp
  GridSystem.cpp
  GridTile.cpp
  IGameLayer.cpp
  IGameLayer.gen.cpp
  AnimationProcess.cpp
  IProcess.cpp
  ProcessManager.cpp
  Layer.cpp
  Map.cpp
  Tileset.cpp
  World.cpp
  BspTree.cpp
  BspTreeNode.cpp
  CellularAutomaton.cpp
  DateTime.cpp
  FileUtil.cpp
  Noise.cpp
  Rng.cpp
  Utilities.cpp
  Compiling...
  IView.cpp
  tinyxml2.cpp
     Creating library D:\PGC Universe\SlothEngine\SlothEngine\Libs\x64_Release\SlothEngine.lib and object D:\PGC Universe\SlothEngine\SlothEngine\Libs\x64_Release\SlothEngine.exp
  Generating code
LINK : fatal error C1001: Internal compiler error.
  (compiler file 'd:\agent\_work\6\s\src\vctools\Compiler\Utc\src\p2\main.c', line 181)
   To work around this problem, try simplifying or changing the program near the locations listed above.
  If possible please provide a repro here: https://developercommunity.visualstudio.com 
  Please choose the Technical Support command on the Visual C++ 
   Help menu, or open the Technical Support help file for more information
    link!InvokeCompilerPass()+0x3f734
    link!InvokeCompilerPass()+0x31081
    link!InvokeCompilerPass()+0x30f86
    link!InvokeCompilerPass()+0x3e625
  
  
LINK : fatal error LNK1000: Internal error during IMAGE::BuildImage
